#
# There is insufficient memory for the Java Runtime Environment to continue.
# Native memory allocation (mmap) failed to map 232783872 bytes. Error detail: G1 virtual space
# Possible reasons:
#   The system is out of physical RAM or swap space
#   This process is running with CompressedOops enabled, and the Java Heap may be blocking the growth of the native heap
# Possible solutions:
#   Reduce memory load on the system
#   Increase physical memory or swap space
#   Check if swap backing store is full
#   Decrease Java heap size (-Xmx/-Xms)
#   Decrease number of Java threads
#   Decrease Java thread stack sizes (-Xss)
#   Set larger code cache with -XX:ReservedCodeCacheSize=
#   JVM is running with Zero Based Compressed Oops mode in which the Java heap is
#     placed in the first 32GB address space. The Java Heap base address is the
#     maximum limit for the native heap growth. Please use -XX:HeapBaseMinAddress
#     to set the Java Heap base and to place the Java Heap above 32GB virtual address.
# This output file may be truncated or incomplete.
#
#  Out of Memory Error (os_windows.cpp:3898), pid=28624, tid=22948
#
# JRE version:  (21.0.6+9) (build )
# Java VM: OpenJDK 64-Bit Server VM (21.0.6+9-b895.109, mixed mode, sharing, tiered, compressed oops, compressed class ptrs, g1 gc, windows-amd64)
# No core dump will be written. Minidumps are not enabled by default on client versions of Windows
#

---------------  S U M M A R Y ------------

Command Line: git4idea.http.GitAskPassApp Username for 'https://github.com': 

Host: AMD Ryzen 7 5800H with Radeon Graphics         , 16 cores, 13G,  Windows 11 , 64 bit Build 26100 (10.0.26100.4202)
Time: Sat Jun  7 16:12:47 2025 Sri Lanka Standard Time elapsed time: 0.010053 seconds (0d 0h 0m 0s)

---------------  T H R E A D  ---------------

Current thread (0x000001e6f8ce7380):  JavaThread "Unknown thread" [_thread_in_vm, id=22948, stack(0x00000006c4a00000,0x00000006c4b00000) (1024K)]

Stack: [0x00000006c4a00000,0x00000006c4b00000]
Native frames: (J=compiled Java code, j=interpreted, Vv=VM code, C=native code)
V  [jvm.dll+0x6e5cb9]
V  [jvm.dll+0x8c4113]
V  [jvm.dll+0x8c666e]
V  [jvm.dll+0x8c6d53]
V  [jvm.dll+0x288f76]
V  [jvm.dll+0x6e2575]
V  [jvm.dll+0x6d602a]
V  [jvm.dll+0x3635db]
V  [jvm.dll+0x36b1a6]
V  [jvm.dll+0x3bd4f6]
V  [jvm.dll+0x3bd7c8]
V  [jvm.dll+0x335d2c]
V  [jvm.dll+0x336a1b]
V  [jvm.dll+0x88b569]
V  [jvm.dll+0x3ca6c8]
V  [jvm.dll+0x8745b8]
V  [jvm.dll+0x45f0de]
V  [jvm.dll+0x460dc1]
C  [jli.dll+0x52ab]
C  [ucrtbase.dll+0x37b0]
C  [KERNEL32.DLL+0x2e8d7]
C  [ntdll.dll+0x3c34c]


---------------  P R O C E S S  ---------------

Threads class SMR info:
_java_thread_list=0x00007ffb78f5a148, length=0, elements={
}

Java Threads: ( => current thread )
Total: 0

Other Threads:
  0x000001e6fb21a460 WorkerThread "GC Thread#0"                     [id=36312, stack(0x00000006c4b00000,0x00000006c4c00000) (1024K)]
  0x000001e6fb22afa0 ConcurrentGCThread "G1 Main Marker"            [id=21048, stack(0x00000006c4c00000,0x00000006c4d00000) (1024K)]
  0x000001e6fb22c150 WorkerThread "G1 Conc#0"                       [id=43516, stack(0x00000006c4d00000,0x00000006c4e00000) (1024K)]

[error occurred during error reporting (printing all threads), id 0xc0000005, EXCEPTION_ACCESS_VIOLATION (0xc0000005) at pc=0x00007ffb78648e07]
VM state: not at safepoint (not fully initialized)

VM Mutex/Monitor currently owned by a thread:  ([mutex/lock_event])
[0x00007ffb78fceb30] Heap_lock - owner thread: 0x000001e6f8ce7380

Heap address: 0x0000000722400000, size: 3548 MB, Compressed Oops mode: Zero based, Oop shift amount: 3

CDS archive(s) mapped at: [0x0000000000000000-0x0000000000000000-0x0000000000000000), size 0, SharedBaseAddress: 0x0000000800000000, ArchiveRelocationMode: 1.
Narrow klass base: 0x0000000000000000, Narrow klass shift: 0, Narrow klass range: 0x0

GC Precious Log:
 CardTable entry size: 512
 Card Set container configuration: InlinePtr #cards 4 size 8 Array Of Cards #cards 16 size 48 Howl #buckets 8 coarsen threshold 3686 Howl Bitmap #cards 512 size 80 coarsen threshold 460 Card regions per heap region 1 cards per card region 4096

Heap:
 garbage-first heap   total 0K, used 0K [0x0000000722400000, 0x0000000800000000)
  region size 2048K, 0 young (0K), 0 survivors (0K)
 Metaspace       used 0K, committed 0K, reserved 0K
  class space    used 0K, committed 0K, reserved 0K

Heap Regions: E=young(eden), S=young(survivor), O=old, HS=humongous(starts), HC=humongous(continues), CS=collection set, F=free, TAMS=top-at-mark-start, PB=parsable bottom

Card table byte_map: [0x000001e68f6f0000,0x000001e68fde0000] _byte_map_base: 0x000001e68bdde000

Marking Bits: (CMBitMap*) 0x000001e6fb21ba80
 Bits: [0x000001e68fde0000, 0x000001e693550000)

GC Heap History (0 events):
No events

Dll operation events (1 events):
Event: 0.006 Loaded shared library C:\Program Files\JetBrains\PyCharm 2024.3.5\jbr\bin\java.dll

Deoptimization events (0 events):
No events

Classes loaded (0 events):
No events

Classes unloaded (0 events):
No events

Classes redefined (0 events):
No events

Internal exceptions (0 events):
No events

ZGC Phase Switch (0 events):
No events

VM Operations (0 events):
No events

Memory protections (0 events):
No events

Nmethod flushes (0 events):
No events

Events (0 events):
No events


Dynamic libraries:
0x00007ff616270000 - 0x00007ff61627a000 	C:\Program Files\JetBrains\PyCharm 2024.3.5\jbr\bin\java.exe
0x00007ffcad180000 - 0x00007ffcad3e5000 	C:\WINDOWS\SYSTEM32\ntdll.dll
0x00007ffcac900000 - 0x00007ffcac9c9000 	C:\WINDOWS\System32\KERNEL32.DLL
0x00007ffcaab30000 - 0x00007ffcaaf18000 	C:\WINDOWS\System32\KERNELBASE.dll
0x00007ffcaa8a0000 - 0x00007ffcaa9eb000 	C:\WINDOWS\System32\ucrtbase.dll
0x00007ffc67a20000 - 0x00007ffc67a3b000 	C:\Program Files\JetBrains\PyCharm 2024.3.5\jbr\bin\VCRUNTIME140.dll
0x00007ffc1d740000 - 0x00007ffc1d758000 	C:\Program Files\JetBrains\PyCharm 2024.3.5\jbr\bin\jli.dll
0x00007ffcaaf20000 - 0x00007ffcab0ea000 	C:\WINDOWS\System32\USER32.dll
0x00007ffc980c0000 - 0x00007ffc9835a000 	C:\WINDOWS\WinSxS\amd64_microsoft.windows.common-controls_6595b64144ccf1df_6.0.26100.4202_none_3e0698d4e335f517\COMCTL32.dll
0x00007ffcaa400000 - 0x00007ffcaa427000 	C:\WINDOWS\System32\win32u.dll
0x00007ffcacba0000 - 0x00007ffcacc49000 	C:\WINDOWS\System32\msvcrt.dll
0x00007ffcacfb0000 - 0x00007ffcacfdb000 	C:\WINDOWS\System32\GDI32.dll
0x00007ffcaa9f0000 - 0x00007ffcaab27000 	C:\WINDOWS\System32\gdi32full.dll
0x00007ffcaa430000 - 0x00007ffcaa4d3000 	C:\WINDOWS\System32\msvcp_win.dll
0x00007ffcacde0000 - 0x00007ffcace10000 	C:\WINDOWS\System32\IMM32.DLL
0x00007ffca2260000 - 0x00007ffca226c000 	C:\Program Files\JetBrains\PyCharm 2024.3.5\jbr\bin\vcruntime140_1.dll
0x00007ffbd6e80000 - 0x00007ffbd6f0d000 	C:\Program Files\JetBrains\PyCharm 2024.3.5\jbr\bin\msvcp140.dll
0x00007ffb78300000 - 0x00007ffb790c1000 	C:\Program Files\JetBrains\PyCharm 2024.3.5\jbr\bin\server\jvm.dll
0x00007ffcab360000 - 0x00007ffcab413000 	C:\WINDOWS\System32\ADVAPI32.dll
0x00007ffcacaf0000 - 0x00007ffcacb96000 	C:\WINDOWS\System32\sechost.dll
0x00007ffcac9d0000 - 0x00007ffcacae5000 	C:\WINDOWS\System32\RPCRT4.dll
0x00007ffcad0b0000 - 0x00007ffcad124000 	C:\WINDOWS\System32\WS2_32.dll
0x00007ffcaa120000 - 0x00007ffcaa17e000 	C:\WINDOWS\SYSTEM32\POWRPROF.dll
0x00007ffca0850000 - 0x00007ffca0885000 	C:\WINDOWS\SYSTEM32\WINMM.dll
0x00007ffca3130000 - 0x00007ffca313b000 	C:\WINDOWS\SYSTEM32\VERSION.dll
0x00007ffcaa100000 - 0x00007ffcaa114000 	C:\WINDOWS\SYSTEM32\UMPDC.dll
0x00007ffca9090000 - 0x00007ffca90ab000 	C:\WINDOWS\SYSTEM32\kernel.appcore.dll
0x00007ffc8ab50000 - 0x00007ffc8ab5a000 	C:\Program Files\JetBrains\PyCharm 2024.3.5\jbr\bin\jimage.dll
0x00007ffca7b40000 - 0x00007ffca7d81000 	C:\WINDOWS\SYSTEM32\DBGHELP.DLL
0x00007ffcab8b0000 - 0x00007ffcabc35000 	C:\WINDOWS\System32\combase.dll
0x00007ffcab270000 - 0x00007ffcab351000 	C:\WINDOWS\System32\OLEAUT32.dll
0x00007ffc98060000 - 0x00007ffc98099000 	C:\WINDOWS\SYSTEM32\dbgcore.DLL
0x00007ffcaa360000 - 0x00007ffcaa3f9000 	C:\WINDOWS\System32\bcryptPrimitives.dll
0x00007ffc59270000 - 0x00007ffc59290000 	C:\Program Files\JetBrains\PyCharm 2024.3.5\jbr\bin\java.dll

dbghelp: loaded successfully - version: 4.0.5 - missing functions: none
symbol engine: initialized successfully - sym options: 0x614 - pdb path: .;C:\Program Files\JetBrains\PyCharm 2024.3.5\jbr\bin;C:\WINDOWS\SYSTEM32;C:\WINDOWS\WinSxS\amd64_microsoft.windows.common-controls_6595b64144ccf1df_6.0.26100.4202_none_3e0698d4e335f517;C:\Program Files\JetBrains\PyCharm 2024.3.5\jbr\bin\server

VM Arguments:
java_command: git4idea.http.GitAskPassApp Username for 'https://github.com': 
java_class_path (initial): C:/Program Files/JetBrains/PyCharm 2024.3.5/plugins/vcs-git/lib/git4idea-rt.jar;C:/Program Files/JetBrains/PyCharm 2024.3.5/lib/externalProcess-rt.jar
Launcher Type: SUN_STANDARD

[Global flags]
     intx CICompilerCount                          = 12                                        {product} {ergonomic}
     uint ConcGCThreads                            = 3                                         {product} {ergonomic}
     uint G1ConcRefinementThreads                  = 13                                        {product} {ergonomic}
   size_t G1HeapRegionSize                         = 2097152                                   {product} {ergonomic}
    uintx GCDrainStackTargetSize                   = 64                                        {product} {ergonomic}
   size_t InitialHeapSize                          = 232783872                                 {product} {ergonomic}
   size_t MarkStackSize                            = 4194304                                   {product} {ergonomic}
   size_t MaxHeapSize                              = 3720347648                                {product} {ergonomic}
   size_t MinHeapDeltaBytes                        = 2097152                                   {product} {ergonomic}
   size_t MinHeapSize                              = 8388608                                   {product} {ergonomic}
    uintx NonNMethodCodeHeapSize                   = 7602480                                {pd product} {ergonomic}
    uintx NonProfiledCodeHeapSize                  = 122027880                              {pd product} {ergonomic}
    uintx ProfiledCodeHeapSize                     = 122027880                              {pd product} {ergonomic}
    uintx ReservedCodeCacheSize                    = 251658240                              {pd product} {ergonomic}
     bool SegmentedCodeCache                       = true                                      {product} {ergonomic}
   size_t SoftMaxHeapSize                          = 3720347648                             {manageable} {ergonomic}
     bool UseCompressedOops                        = true                           {product lp64_product} {ergonomic}
     bool UseG1GC                                  = true                                      {product} {ergonomic}
     bool UseLargePagesIndividualAllocation        = false                                  {pd product} {ergonomic}

Logging:
Log output configuration:
 #0: stdout all=warning uptime,level,tags foldmultilines=false
 #1: stderr all=off uptime,level,tags foldmultilines=false

Environment Variables:
PATH=C:\Program Files\Git\mingw64\libexec\git-core;C:\Program Files\Git\mingw64\libexec\git-core;C:\Program Files\Git\mingw64\bin;C:\Program Files\Git\usr\bin;C:\Users\H3llJoY\bin;C:\Users\H3llJoY\Downloads\Documents\4. Fourth sem documents\Programming languages\Project\Programming languages\Programming-languages\.venv\Scripts;C:\Program Files\MongoDB\mongosh-2.3.8-win32-x64\bin;C:\Program Files\NVIDIA Corporation\NVIDIA app\NvDLISR;C:\Windows\System32;C:\Program Files (x86)\NVIDIA Corporation\PhysX\Common;C:\Program Files\dotnet;C:\WINDOWS\system32;C:\WINDOWS;C:\WINDOWS\System32\Wbem;C:\WINDOWS\System32\WindowsPowerShell\v1.0;C:\WINDOWS\System32\OpenSSH;C:\Program Files\Pandoc;C:\Users\H3llJoY\.cargo\bin;C:\Users\H3llJoY\AppData\Local\Programs\Python\Python313;C:\Users\H3llJoY\AppData\Local\Programs\Python\Python313\Scripts;C:\Users\H3llJoY\AppData\Local\Packages\PythonSoftwareFoundation.Python.3.13_qbz5n2kfra8p0\LocalCache\local-packages\Python313\Scripts;C:\Users\H3llJoY\AppData\Local\Programs\Python\Python313\Scripts;C:\Users\H3llJoY\AppData\Local\Programs\Python\Python313;C:\Users\H3llJoY\.cargo\bin;C:\Users\H3llJoY\AppData\Local\Microsoft\WindowsApps;C:\Users\H3llJoY\AppData\Local\Programs\Microsoft VS Code\bin;C:\Users\H3llJoY\AppData\Local\GitHubDesktop\bin;C:\Program Files\nodejs;C:\Users\H3llJoY\AppData\Roaming\npm;C:\Program Files\JetBrains\DataGrip 2025.1\bin;C:\Program Files\Git\usr\bin;C:\Program Files\JetBrains\WebStorm 2025.1\bin
USERNAME=H3llJoY
DISPLAY=:0.0
LC_ALL=en_US.UTF-8
TERM=xterm-256color
TMPDIR=C:\Users\H3llJoY\AppData\Local\Temp
OS=Windows_NT
PROCESSOR_IDENTIFIER=AMD64 Family 25 Model 80 Stepping 0, AuthenticAMD
TMP=C:\Users\H3llJoY\AppData\Local\Temp
TEMP=C:\Users\H3llJoY\AppData\Local\Temp




Periodic native trim disabled

JNI global refs:
JNI global refs: 0, weak refs: 0

JNI global refs memory usage: 0, weak refs: 0

Process memory usage:
Resident Set Size: 13116K (0% of 14528572K total physical memory with 1027556K free physical memory)

OOME stack traces (most recent first):
Classloader memory used:

---------------  S Y S T E M  ---------------

OS:
 Windows 11 , 64 bit Build 26100 (10.0.26100.4202)
OS uptime: 8 days 14:42 hours

CPU: total 16 (initial active 16) (16 cores per cpu, 2 threads per core) family 25 model 80 stepping 0 microcode 0xa50000c, cx8, cmov, fxsr, ht, mmx, 3dnowpref, sse, sse2, sse3, ssse3, sse4a, sse4.1, sse4.2, popcnt, lzcnt, tsc, tscinvbit, avx, avx2, aes, erms, clmul, bmi1, bmi2, adx, sha, fma, vzeroupper, clflush, clflushopt, rdtscp, rdpid, fsrm, f16c, pku, cet_ss
Processor Information for the first 16 processors :
  Max Mhz: 3201, Current Mhz: 3201, Mhz Limit: 3201

Memory: 4k page, system-wide physical 14188M (1003M free)
TotalPageFile size 31218M (AvailPageFile size 146M)
current process WorkingSet (physical memory assigned to process): 12M, peak: 12M
current process commit charge ("private bytes"): 70M, peak: 292M

vm_info: OpenJDK 64-Bit Server VM (21.0.6+9-b895.109) for windows-amd64 JRE (21.0.6+9-b895.109), built on 2025-03-26 by "builduser" with MS VC++ 16.10 / 16.11 (VS2019)

END.
